[     138ms] [LOG] [Fast Refresh] rebuilding @ http://localhost:3000/_next/static/chunks/node_modules_next_dist_115brz8._.js:2431
[    3441ms] [WARNING] The resource http://localhost:3000/images/ilustrationOG.png was preloaded using link preload but not used within a few seconds from the window's load event. Please make sure it has an appropriate `as` value and it is preloaded intentionally. @ http://localhost:3000/login/organization:0
[    3441ms] [WARNING] The resource http://localhost:3000/ilustracionRegistroOrganization.png was preloaded using link preload but not used within a few seconds from the window's load event. Please make sure it has an appropriate `as` value and it is preloaded intentionally. @ http://localhost:3000/login/organization:0
[    3441ms] [WARNING] The resource http://localhost:3000/ilustracionRegistroUsers.png was preloaded using link preload but not used within a few seconds from the window's load event. Please make sure it has an appropriate `as` value and it is preloaded intentionally. @ http://localhost:3000/login/organization:0
[   25041ms] [LOG] [Fast Refresh] done in 25004ms @ http://localhost:3000/_next/static/chunks/node_modules_next_dist_115brz8._.js:2431
[   25143ms] [LOG] [Fast Refresh] rebuilding @ http://localhost:3000/_next/static/chunks/node_modules_next_dist_115brz8._.js:2431
[   25253ms] [LOG] [Fast Refresh] done in 211ms @ http://localhost:3000/_next/static/chunks/node_modules_next_dist_115brz8._.js:2431
[   25279ms] [LOG] %c[Vercel Speed Insights]%c [vitals] color: rgb(120, 120, 120) color: inherit {speed: 4g, metrics: Array(3), scriptVersion: 0.1.3, sdkName: @vercel/speed-insights/next, sdkVersion: 1.3.1} /_vercel/speed-insights/vitals @ http://localhost:3000/_next/static/chunks/node_modules_next_dist_115brz8._.js:2431
[   25281ms] [LOG] %c[Vercel Speed Insights]%c [vitals] color: rgb(120, 120, 120) color: inherit {speed: 4g, metrics: Array(1), scriptVersion: 0.1.3, sdkName: @vercel/speed-insights/next, sdkVersion: 1.3.1} /_vercel/speed-insights/vitals @ http://localhost:3000/_next/static/chunks/node_modules_next_dist_115brz8._.js:2431
[   25439ms] [INFO] %cDownload the React DevTools for a better development experience: https://react.dev/link/react-devtools font-weight:bold @ http://localhost:3000/_next/static/chunks/node_modules_next_dist_115brz8._.js:2431
[   25500ms] [LOG] [HMR] connected @ http://localhost:3000/_next/static/chunks/node_modules_next_dist_115brz8._.js:2431
[   25791ms] [LOG] [Fast Refresh] rebuilding @ http://localhost:3000/_next/static/chunks/node_modules_next_dist_115brz8._.js:2431
[   25792ms] [WARNING] <meta name="apple-mobile-web-app-capable" content="yes"> is deprecated. Please include <meta name="mobile-web-app-capable" content="yes"> @ http://localhost:3000/register/professional:0
[   25845ms] [WARNING] The ScriptProcessorNode is deprecated. Use AudioWorkletNode instead. (https://bit.ly/audio-worklet) @ http://localhost:3000/_next/static/chunks/node_modules_0~_h1c0._.js:13259
[   25846ms] [WARNING] The AudioContext was not allowed to start. It must be resumed (or created) after a user gesture on the page. https://developer.chrome.com/blog/autoplay/#web_audio @ http://localhost:3000/_next/static/chunks/node_modules_0~_h1c0._.js:13267
[   25926ms] [LOG] %c[Vercel Web Analytics]%c Debug mode is enabled by default in development. No requests will be sent to the server. color: rgb(120, 120, 120) color: inherit @ http://localhost:3000/_next/static/chunks/node_modules_next_dist_115brz8._.js:2431
[   25927ms] [LOG] %c[Vercel Web Analytics]%c Running queued event color: rgb(120, 120, 120) color: inherit pageview {route: /register/professional, path: /register/professional} @ http://localhost:3000/_next/static/chunks/node_modules_next_dist_115brz8._.js:2431
[   25928ms] [LOG] %c[Vercel Web Analytics]%c [view] http://localhost:3000/register/professional color: rgb(120, 120, 120) color: inherit {o: http://localhost:3000/register/professional, sv: 0.1.3, sdkn: @vercel/analytics/next, sdkv: 1.6.1, ts: 1776995563981} /_vercel/insights/view @ http://localhost:3000/_next/static/chunks/node_modules_next_dist_115brz8._.js:2431
[   25931ms] [LOG] %c[Vercel Speed Insights]%c Debug mode is enabled by default in development. No requests will be sent to the server. color: rgb(120, 120, 120) color: inherit @ http://localhost:3000/_next/static/chunks/node_modules_next_dist_115brz8._.js:2431
[   26066ms] [LOG] [Fast Refresh] done in 389ms @ http://localhost:3000/_next/static/chunks/node_modules_next_dist_115brz8._.js:2431
[   26977ms] [LOG] [Fast Refresh] rebuilding @ http://localhost:3000/_next/static/chunks/node_modules_next_dist_115brz8._.js:2431
[   27295ms] [LOG] [Fast Refresh] done in 418ms @ http://localhost:3000/_next/static/chunks/node_modules_next_dist_115brz8._.js:2431
[   27433ms] [WARNING] If you do not provide a visible label, you must specify an aria-label or aria-labelledby attribute for accessibility @ http://localhost:3000/_next/static/chunks/node_modules_next_dist_115brz8._.js:2431
[   27435ms] [WARNING] If you do not provide a visible label, you must specify an aria-label or aria-labelledby attribute for accessibility @ http://localhost:3000/_next/static/chunks/node_modules_next_dist_115brz8._.js:2431
[   27437ms] [WARNING] If you do not provide a visible label, you must specify an aria-label or aria-labelledby attribute for accessibility @ http://localhost:3000/_next/static/chunks/node_modules_next_dist_115brz8._.js:2431
[   27491ms] [WARNING] If you do not provide a visible label, you must specify an aria-label or aria-labelledby attribute for accessibility @ http://localhost:3000/_next/static/chunks/node_modules_next_dist_115brz8._.js:2431
[   27494ms] [WARNING] If you do not provide a visible label, you must specify an aria-label or aria-labelledby attribute for accessibility @ http://localhost:3000/_next/static/chunks/node_modules_next_dist_115brz8._.js:2431
[   27515ms] [WARNING] If you do not provide a visible label, you must specify an aria-label or aria-labelledby attribute for accessibility @ http://localhost:3000/_next/static/chunks/node_modules_next_dist_115brz8._.js:2431
[   27517ms] [WARNING] If you do not provide a visible label, you must specify an aria-label or aria-labelledby attribute for accessibility @ http://localhost:3000/_next/static/chunks/node_modules_next_dist_115brz8._.js:2431
[   27521ms] [WARNING] If you do not provide a visible label, you must specify an aria-label or aria-labelledby attribute for accessibility @ http://localhost:3000/_next/static/chunks/node_modules_next_dist_115brz8._.js:2431
[   27550ms] [WARNING] If you do not provide a visible label, you must specify an aria-label or aria-labelledby attribute for accessibility @ http://localhost:3000/_next/static/chunks/node_modules_next_dist_115brz8._.js:2431
[   27555ms] [WARNING] If you do not provide a visible label, you must specify an aria-label or aria-labelledby attribute for accessibility @ http://localhost:3000/_next/static/chunks/node_modules_next_dist_115brz8._.js:2431
[   27674ms] [LOG] [Fast Refresh] rebuilding @ http://localhost:3000/_next/static/chunks/node_modules_next_dist_115brz8._.js:2431
